2025-08-25 22:49:18.344 | INFO     | __main__:main:78 - Processo recuperado pela Store Procedure: 00195336420244058103
2025-08-25 22:49:18.346 | INFO     | __main__:main:98 - Digitando o processo numero: 0019533-64.2024.4.05.8103
2025-08-25 22:49:30.118 | INFO     | __main__:main:118 -  Data extraida: 19/08/2025
2025-08-25 22:49:30.140 | INFO     | __main__:main:123 - Texto extraido: Processo 0019533-64.2024.4.05.8103 distribuido para PRESIDÊNCIA - TURMA NACIONAL DE UNIFORMIZAÇÃO na data de 14/08/2025.
2025-08-25 22:49:44.990 | INFO     | __main__:main:78 - Processo recuperado pela Store Procedure: 00065113620244058103
2025-08-25 22:49:44.992 | INFO     | __main__:main:98 - Digitando o processo numero: 0006511-36.2024.4.05.8103
2025-08-25 22:49:56.693 | INFO     | __main__:main:118 -  Data extraida: 19/06/2025
2025-08-25 22:49:56.718 | INFO     | __main__:main:123 - Texto extraido: DECISÃO A parte autora interpõe Pedido de Uniformização de Interpretação de Lei Federal contra acórdão desta 2ª TR/CE, no qual examinado direito a benefício assistencial. Alega, em síntese, que se encontra incapacitada para o exercício de atividade laboral, e que para a aferição da incapacidade, faz-se necessária a análise das condições socioeconômicas, conforme entendimento da TNU. Sem maiores delongas, entendo que o incidente de uniformização não merece trânsito. Com efeito, esta turma recursal, de posse do caderno fático-probatório, entendeu ausente a incapacidade para a vida independente e para o trabalho ou impedimento de longo prazo, A propósito do tema ora em exame, a TNU, no Tema 173, firmou entendimento de que “Para fins de concessão do benefício assistencial de prestação continuada, o conceito de pessoa com deficiência, que não se confunde necessariamente com situação de incapacidade laborativa, é imprescindível a configuração de impedimento de longo prazo com duração mínima de 2 (dois) anos, a ser aferido no caso concreto, desde a data do início da sua caracterização”. O que não ocorreu nos presentes autos. Saliente-se que, ao contrário do que nos leva a crer a postulante, a decisão recorrida está em consonância com o entendimento da TNU, cito a questão da colheita de avaliação social, uma vez que mesmo constatada situação de miserabilidade, não seria possível a concessão do benefício à míngua de impedimento atual. Além do mais, a análise da uniformização de jurisprudência nestas condições poderia importar reexame de matéria de fato, já que foi com base no aprofundamento da análise de todas as provas trazidas aos autos que este colegiado concluiu pela ausência de incapacidade para a vida independente e para o trabalho ou impedimento de longo prazo. Desse modo, a eventual superação do entendimento do Juízo de origem implicaria o revolvimento da prova já analisada, o que encontra óbice na Súmula nº 42 da TNU: "Não se conhece de incidente de uniformização que implique reexame de matéria de fato.” Nesse contexto, seja por não estar demonstrada divergência de teses, seja pela inviabilidade de reexame de provas nesta oportunidade, não se mostram satisfeitos os pressupostos para admissão do recurso. Ante o exposto, INADMITO o incidente de uniformização, nos termos do art. 14, inciso V, alíneas “c” e “d”, do RITNU. Intimações necessárias. Fortaleza, 16 de junho de 2025. Gustavo Melo Barbosa Juiz Federal Presidente da 2ª TR/CE
2025-08-25 22:50:05.912 | INFO     | __main__:main:78 - Processo recuperado pela Store Procedure: 00066229120258050103
2025-08-25 22:50:05.912 | INFO     | __main__:main:98 - Digitando o processo numero: 0006622-91.2025.8.05.0103
2025-08-25 22:50:17.610 | INFO     | __main__:main:118 -  Data extraida: 18/07/2025
2025-08-25 22:50:17.632 | INFO     | __main__:main:123 - Texto extraido: Fica(m) a(s) Parte(s), por seu(s) Advogado(s), intimada(s) do evento processual ocorrido em (16/07/2025 07:21:17):
2025-08-25 22:50:27.896 | INFO     | __main__:main:78 - Processo recuperado pela Store Procedure: 08034719520258120101
2025-08-25 22:50:27.897 | INFO     | __main__:main:98 - Digitando o processo numero: 0803471-95.2025.8.12.0101
2025-08-25 22:50:39.573 | INFO     | __main__:main:118 -  Data extraida: 07/08/2025
2025-08-25 22:50:39.595 | INFO     | __main__:main:123 - Texto extraido: 
2025-08-25 22:50:49.615 | INFO     | __main__:main:78 - Processo recuperado pela Store Procedure: 00089194920218172990
2025-08-25 22:50:49.616 | INFO     | __main__:main:98 - Digitando o processo numero: 0008919-49.2021.8.17.2990
2025-08-25 22:51:01.252 | INFO     | __main__:main:118 -  Data extraida: 25/08/2025
2025-08-25 22:51:01.275 | INFO     | __main__:main:123 - Texto extraido: Tribunal de Justiça de Pernambuco Poder Judiciário DIRETORIA DAS VARAS CÍVEIS DA REGIÃO METROPOLITANA E DO INTERIOR AV PAN NORDESTINA, S/N, Km 4, Vila Popular, OLINDA - PE - CEP: 53010-210 4ª Vara Cível da Comarca de Olinda Processo nº 0008919-49.2021.8.17.2990 EXEQUENTE: BRUXAXA - INDUSTRIA E COMERCIO DE VASSOURAS E UTENSILIOS LTDA - EPP EXECUTADO(A): ZARGO CONSTRUTORA E ASSESSORIA LTDA - EPP OLINDA, 24 de agosto de 2025. INTIMAÇÃO DE SENTENÇA (VIA DJEN) Por ordem do(a) Exmo(a). Dr(a). Juiz(a) de Direito do 4ª Vara Cível da Comarca de Olinda, fica(m) a(s) parte(s) intimada(s) do inteiro teor da Sentença de ID 199779710 . SENTENÇA, em parte: (...) " Em caso de bloqueio negativo, intime-se o exequente para indicar bens passíveis de penhora no prazo de 15 (quinze) dias. " (...) . OLINDA, 24 de agosto de 2025. EDJANE MARIA DOS SANTOS Diretoria das Varas Cíveis da Região Metropolitana e do Interior ATENÇÃO: PARA O DEVIDO RECOLHIMENTO DE CUSTAS FINAIS, A EMISSÃO DE DARJ DEVERÁ SER SOLICITADA POR MEIO DE PETIÇÃO NOS AUTOS. Obs.: O presente processo tramita de forma eletrônica através do sistema PJe. Independentemente de cadastro prévio, a parte/advogado poderá realizar consulta através do seguinte endereço eletrônico: https://pje.tjpe.jus.br/1g/ConsultaPublica/listView.seam Toda a tramitação desta ação deverá ser feita através do referido sistema, sendo necessário a utilização de Certificação Digital. As instruções para cadastramento e uso do sistema podem ser obtidas através do seguinte endereço na internet: http://www.tjpe.jus.br/web/processo-judicial-eletronico/cadastro-de-advogado A validade da assinatura deste documento poderá ser confirmada na página do Tribunal de Justiça do Estado de Pernambuco: www.tjpe.jus.br – PJe-Processo Judicial Eletrônico – Consulta Documento [https://pje.tjpe.jus.br/1g/Processo/ConsultaDocumento/listView.seam], utilizando o número do documento (código de barras) abaixo identificado.
2025-08-25 22:51:11.298 | INFO     | __main__:main:160 - Não existem dados para processamento
2025-08-25 22:57:46.361 | INFO     | __main__:main:78 - Processo recuperado pela Store Procedure: 00195336420244058103
2025-08-25 22:57:46.362 | INFO     | __main__:main:98 - Digitando o processo numero: 0019533-64.2024.4.05.8103
2025-08-25 22:57:58.049 | INFO     | __main__:main:118 -  Data extraida: 19/08/2025
2025-08-25 22:57:58.071 | INFO     | __main__:main:123 - Texto extraido: Processo 0019533-64.2024.4.05.8103 distribuido para PRESIDÊNCIA - TURMA NACIONAL DE UNIFORMIZAÇÃO na data de 14/08/2025.
2025-08-25 22:58:07.153 | INFO     | __main__:main:78 - Processo recuperado pela Store Procedure: 00065113620244058103
2025-08-25 22:58:07.154 | INFO     | __main__:main:98 - Digitando o processo numero: 0006511-36.2024.4.05.8103
2025-08-25 22:58:18.821 | INFO     | __main__:main:118 -  Data extraida: 19/06/2025
2025-08-25 22:58:18.845 | INFO     | __main__:main:123 - Texto extraido: DECISÃO A parte autora interpõe Pedido de Uniformização de Interpretação de Lei Federal contra acórdão desta 2ª TR/CE, no qual examinado direito a benefício assistencial. Alega, em síntese, que se encontra incapacitada para o exercício de atividade laboral, e que para a aferição da incapacidade, faz-se necessária a análise das condições socioeconômicas, conforme entendimento da TNU. Sem maiores delongas, entendo que o incidente de uniformização não merece trânsito. Com efeito, esta turma recursal, de posse do caderno fático-probatório, entendeu ausente a incapacidade para a vida independente e para o trabalho ou impedimento de longo prazo, A propósito do tema ora em exame, a TNU, no Tema 173, firmou entendimento de que “Para fins de concessão do benefício assistencial de prestação continuada, o conceito de pessoa com deficiência, que não se confunde necessariamente com situação de incapacidade laborativa, é imprescindível a configuração de impedimento de longo prazo com duração mínima de 2 (dois) anos, a ser aferido no caso concreto, desde a data do início da sua caracterização”. O que não ocorreu nos presentes autos. Saliente-se que, ao contrário do que nos leva a crer a postulante, a decisão recorrida está em consonância com o entendimento da TNU, cito a questão da colheita de avaliação social, uma vez que mesmo constatada situação de miserabilidade, não seria possível a concessão do benefício à míngua de impedimento atual. Além do mais, a análise da uniformização de jurisprudência nestas condições poderia importar reexame de matéria de fato, já que foi com base no aprofundamento da análise de todas as provas trazidas aos autos que este colegiado concluiu pela ausência de incapacidade para a vida independente e para o trabalho ou impedimento de longo prazo. Desse modo, a eventual superação do entendimento do Juízo de origem implicaria o revolvimento da prova já analisada, o que encontra óbice na Súmula nº 42 da TNU: "Não se conhece de incidente de uniformização que implique reexame de matéria de fato.” Nesse contexto, seja por não estar demonstrada divergência de teses, seja pela inviabilidade de reexame de provas nesta oportunidade, não se mostram satisfeitos os pressupostos para admissão do recurso. Ante o exposto, INADMITO o incidente de uniformização, nos termos do art. 14, inciso V, alíneas “c” e “d”, do RITNU. Intimações necessárias. Fortaleza, 16 de junho de 2025. Gustavo Melo Barbosa Juiz Federal Presidente da 2ª TR/CE
2025-08-25 22:58:28.126 | INFO     | __main__:main:78 - Processo recuperado pela Store Procedure: 00066229120258050103
2025-08-25 22:58:28.127 | INFO     | __main__:main:98 - Digitando o processo numero: 0006622-91.2025.8.05.0103
2025-08-25 23:03:01.376 | INFO     | __main__:main:80 - Processo recuperado pela Store Procedure: 00195336420244058103
2025-08-25 23:03:01.378 | INFO     | __main__:main:100 - Digitando o processo numero: 0019533-64.2024.4.05.8103
2025-08-25 23:03:08.795 | INFO     | __main__:main:121 -  Data extraida: 19/08/2025
2025-08-25 23:03:08.817 | INFO     | __main__:main:126 - Texto extraido: Processo 0019533-64.2024.4.05.8103 distribuido para PRESIDÊNCIA - TURMA NACIONAL DE UNIFORMIZAÇÃO na data de 14/08/2025.
2025-08-25 23:03:18.652 | INFO     | __main__:main:80 - Processo recuperado pela Store Procedure: 00065113620244058103
2025-08-25 23:03:18.655 | INFO     | __main__:main:100 - Digitando o processo numero: 0006511-36.2024.4.05.8103
2025-08-25 23:04:12.411 | INFO     | __main__:main:80 - Processo recuperado pela Store Procedure: 00195336420244058103
2025-08-25 23:04:12.412 | INFO     | __main__:main:100 - Digitando o processo numero: 0019533-64.2024.4.05.8103
2025-08-25 23:04:19.845 | INFO     | __main__:main:121 -  Data extraida: 19/08/2025
2025-08-25 23:04:19.866 | INFO     | __main__:main:126 - Texto extraido: Processo 0019533-64.2024.4.05.8103 distribuido para PRESIDÊNCIA - TURMA NACIONAL DE UNIFORMIZAÇÃO na data de 14/08/2025.
2025-08-25 23:04:29.373 | INFO     | __main__:main:80 - Processo recuperado pela Store Procedure: 00065113620244058103
2025-08-25 23:04:29.375 | INFO     | __main__:main:100 - Digitando o processo numero: 0006511-36.2024.4.05.8103
2025-08-25 23:04:36.806 | INFO     | __main__:main:121 -  Data extraida: 19/06/2025
2025-08-25 23:04:36.832 | INFO     | __main__:main:126 - Texto extraido: DECISÃO A parte autora interpõe Pedido de Uniformização de Interpretação de Lei Federal contra acórdão desta 2ª TR/CE, no qual examinado direito a benefício assistencial. Alega, em síntese, que se encontra incapacitada para o exercício de atividade laboral, e que para a aferição da incapacidade, faz-se necessária a análise das condições socioeconômicas, conforme entendimento da TNU. Sem maiores delongas, entendo que o incidente de uniformização não merece trânsito. Com efeito, esta turma recursal, de posse do caderno fático-probatório, entendeu ausente a incapacidade para a vida independente e para o trabalho ou impedimento de longo prazo, A propósito do tema ora em exame, a TNU, no Tema 173, firmou entendimento de que “Para fins de concessão do benefício assistencial de prestação continuada, o conceito de pessoa com deficiência, que não se confunde necessariamente com situação de incapacidade laborativa, é imprescindível a configuração de impedimento de longo prazo com duração mínima de 2 (dois) anos, a ser aferido no caso concreto, desde a data do início da sua caracterização”. O que não ocorreu nos presentes autos. Saliente-se que, ao contrário do que nos leva a crer a postulante, a decisão recorrida está em consonância com o entendimento da TNU, cito a questão da colheita de avaliação social, uma vez que mesmo constatada situação de miserabilidade, não seria possível a concessão do benefício à míngua de impedimento atual. Além do mais, a análise da uniformização de jurisprudência nestas condições poderia importar reexame de matéria de fato, já que foi com base no aprofundamento da análise de todas as provas trazidas aos autos que este colegiado concluiu pela ausência de incapacidade para a vida independente e para o trabalho ou impedimento de longo prazo. Desse modo, a eventual superação do entendimento do Juízo de origem implicaria o revolvimento da prova já analisada, o que encontra óbice na Súmula nº 42 da TNU: "Não se conhece de incidente de uniformização que implique reexame de matéria de fato.” Nesse contexto, seja por não estar demonstrada divergência de teses, seja pela inviabilidade de reexame de provas nesta oportunidade, não se mostram satisfeitos os pressupostos para admissão do recurso. Ante o exposto, INADMITO o incidente de uniformização, nos termos do art. 14, inciso V, alíneas “c” e “d”, do RITNU. Intimações necessárias. Fortaleza, 16 de junho de 2025. Gustavo Melo Barbosa Juiz Federal Presidente da 2ª TR/CE
2025-08-25 23:04:46.941 | INFO     | __main__:main:80 - Processo recuperado pela Store Procedure: 00066229120258050103
2025-08-25 23:04:46.942 | INFO     | __main__:main:100 - Digitando o processo numero: 0006622-91.2025.8.05.0103
2025-08-25 23:04:54.379 | INFO     | __main__:main:121 -  Data extraida: 18/07/2025
2025-08-25 23:04:54.408 | INFO     | __main__:main:126 - Texto extraido: Fica(m) a(s) Parte(s), por seu(s) Advogado(s), intimada(s) do evento processual ocorrido em (16/07/2025 07:21:17):
2025-08-25 23:05:04.766 | INFO     | __main__:main:80 - Processo recuperado pela Store Procedure: 08034719520258120101
2025-08-25 23:05:04.768 | INFO     | __main__:main:100 - Digitando o processo numero: 0803471-95.2025.8.12.0101
2025-08-25 23:05:12.236 | INFO     | __main__:main:121 -  Data extraida: 07/08/2025
2025-08-25 23:05:12.264 | INFO     | __main__:main:126 - Texto extraido: 
2025-08-25 23:07:09.338 | INFO     | __main__:main:80 - Processo recuperado pela Store Procedure: 00195336420244058103
2025-08-25 23:07:09.340 | INFO     | __main__:main:100 - Digitando o processo numero: 0019533-64.2024.4.05.8103
2025-08-25 23:10:52.041 | INFO     | __main__:main:80 - Processo recuperado pela Store Procedure: 00195336420244058103
2025-08-25 23:10:52.041 | INFO     | __main__:main:100 - Digitando o processo numero: 0019533-64.2024.4.05.8103
2025-08-25 23:11:01.699 | INFO     | __main__:main:124 -  Data extraida: 19/08/2025
2025-08-25 23:11:01.720 | INFO     | __main__:main:129 - Texto extraido: Processo 0019533-64.2024.4.05.8103 distribuido para PRESIDÊNCIA - TURMA NACIONAL DE UNIFORMIZAÇÃO na data de 14/08/2025.
2025-08-25 23:12:03.411 | INFO     | __main__:main:80 - Processo recuperado pela Store Procedure: 00195336420244058103
2025-08-25 23:12:03.414 | INFO     | __main__:main:100 - Digitando o processo numero: 0019533-64.2024.4.05.8103
2025-08-25 23:12:13.074 | INFO     | __main__:main:124 -  Data extraida: 19/08/2025
2025-08-25 23:12:13.095 | INFO     | __main__:main:129 - Texto extraido: Processo 0019533-64.2024.4.05.8103 distribuido para PRESIDÊNCIA - TURMA NACIONAL DE UNIFORMIZAÇÃO na data de 14/08/2025.
2025-08-25 23:12:25.194 | INFO     | __main__:main:166 - Não existem dados para processamento
2025-08-25 23:18:21.118 | INFO     | __main__:main:80 - Processo recuperado pela Store Procedure: 00195336420244058103
2025-08-25 23:18:21.120 | INFO     | __main__:main:100 - Digitando o processo numero: 0019533-64.2024.4.05.8103
2025-08-25 23:18:30.871 | INFO     | __main__:main:124 -  Data extraida: 19/08/2025
2025-08-25 23:18:30.891 | INFO     | __main__:main:129 - Texto extraido: Processo 0019533-64.2024.4.05.8103 distribuido para PRESIDÊNCIA - TURMA NACIONAL DE UNIFORMIZAÇÃO na data de 14/08/2025.
2025-08-25 23:18:41.913 | INFO     | __main__:main:166 - Não existem dados para processamento
2025-08-25 23:22:09.978 | INFO     | __main__:main:80 - Processo recuperado pela Store Procedure: 00195336420244058103
2025-08-25 23:22:09.981 | INFO     | __main__:main:100 - Digitando o processo numero: 0019533-64.2024.4.05.8103
2025-08-25 23:22:19.595 | INFO     | __main__:main:124 -  Data extraida: 19/08/2025
2025-08-25 23:22:19.616 | INFO     | __main__:main:129 - Texto extraido: Processo 0019533-64.2024.4.05.8103 distribuido para PRESIDÊNCIA - TURMA NACIONAL DE UNIFORMIZAÇÃO na data de 14/08/2025.
2025-08-25 23:22:30.775 | INFO     | __main__:main:166 - Não existem dados para processamento
